

Started GET "/" for ::1 at 2015-09-04 11:17:53 -0700
Processing by BlogController#index as HTML
  Rendered text template (0.2ms)
Completed 200 OK in 40ms (Views: 22.7ms | ActiveRecord: 0.0ms)
  [1m[36m (23.1ms)[0m  [1mCREATE TABLE "schema_migrations" ("version" character varying NOT NULL) [0m
  [1m[35m (4.3ms)[0m  CREATE UNIQUE INDEX  "unique_schema_migrations" ON "schema_migrations"  ("version")
  [1m[36mActiveRecord::SchemaMigration Load (1.2ms)[0m  [1mSELECT "schema_migrations".* FROM "schema_migrations"[0m
Migrating to CreateSubscribers (20150904190511)
  [1m[35m (0.2ms)[0m  BEGIN
  [1m[36m (19.9ms)[0m  [1mCREATE TABLE "subscribers" ("id" serial primary key, "email" character varying, "created_at" timestamp NOT NULL, "updated_at" timestamp NOT NULL) [0m
  [1m[35mSQL (1.3ms)[0m  INSERT INTO "schema_migrations" ("version") VALUES ($1)  [["version", "20150904190511"]]
  [1m[36m (0.6ms)[0m  [1mCOMMIT[0m
  [1m[35mActiveRecord::SchemaMigration Load (0.3ms)[0m  SELECT "schema_migrations".* FROM "schema_migrations"
  [1m[36m (5.9ms)[0m  [1mSELECT t2.oid::regclass::text AS to_table, a1.attname AS column, a2.attname AS primary_key, c.conname AS name, c.confupdtype AS on_update, c.confdeltype AS on_delete
FROM pg_constraint c
JOIN pg_class t1 ON c.conrelid = t1.oid
JOIN pg_class t2 ON c.confrelid = t2.oid
JOIN pg_attribute a1 ON a1.attnum = c.conkey[1] AND a1.attrelid = t1.oid
JOIN pg_attribute a2 ON a2.attnum = c.confkey[1] AND a2.attrelid = t2.oid
JOIN pg_namespace t3 ON c.connamespace = t3.oid
WHERE c.contype = 'f'
  AND t1.relname = 'subscribers'
  AND t3.nspname = ANY (current_schemas(false))
ORDER BY c.conname
[0m
  [1m[36mSubscriber Load (2.1ms)[0m  [1mSELECT  "subscribers".* FROM "subscribers"  ORDER BY "subscribers"."id" DESC LIMIT 1[0m
  [1m[36mActiveRecord::SchemaMigration Load (2.4ms)[0m  [1mSELECT "schema_migrations".* FROM "schema_migrations"[0m
  [1m[35m (0.9ms)[0m  BEGIN
  [1m[36mSQL (7.4ms)[0m  [1mINSERT INTO "subscribers" ("email", "created_at", "updated_at") VALUES ($1, $2, $3) RETURNING "id"[0m  [["email", "sid.viswanathan@gmail.com"], ["created_at", "2015-09-04 20:33:18.557769"], ["updated_at", "2015-09-04 20:33:18.557769"]]
  [1m[35m (3.0ms)[0m  COMMIT
